<?xml version="1.0" encoding="UTF-8"?>
<testsuites name="Suite FalabellaAUT" time="47.024" tests="5" failures="0" errors="0">
   <testsuite name="Suite FalabellaAUT" tests="5" failures="0" errors="0" time="47.024" timestamp="2022-08-17 20:54:36" hostname="FOX_PREDATOR - 192.168.1.184" id="Test Suites/Suite FalabellaAUT">
      <properties>
         <property name="deviceName" value=""/>
         <property name="devicePlatform" value=""/>
         <property name="logFolder" value="D:\\ProyectosAUT\\Katalon\\FalabellaAUT\\FalabellaAUT\\Reports\\20220817_205430\\Suite FalabellaAUT\\20220817_205430"/>
         <property name="logFiles" value="D:\\ProyectosAUT\\Katalon\\FalabellaAUT\\FalabellaAUT\\Reports\\20220817_205430\\Suite FalabellaAUT\\20220817_205430\\execution0.log"/>
         <property name="attachments" value=""/>
         <property name="hostName" value="FOX_PREDATOR - 192.168.1.184"/>
         <property name="os" value="Windows 10 64bit"/>
         <property name="katalonVersion" value="7.5.5.1"/>
         <property name="browser" value="Chrome 104.0.5112.81"/>
         <property name="hostAddress" value="192.168.1.184"/>
         <property name="sessionId" value="8b3c88c2cf29c58079bb922090df7f2b"/>
         <property name="seleniumVersion" value="3.141.59"/>
         <property name="proxyInformation" value="ProxyInformation { proxyOption=NO_PROXY, proxyServerType=HTTP, username=, password=********, proxyServerAddress=, proxyServerPort=0, executionList=\&quot;\&quot;, isApplyToDesiredCapabilities=true }"/>
         <property name="platform" value="Windows 10"/>
      </properties>
      <testcase name="Test Cases/inicioSesion/01 - aperturaPagina" time="8.634" classname="Test Cases/inicioSesion/01 - aperturaPagina" status="PASSED">
         <system-out><![CDATA[2022-08-17 20:54:36 - [TEST_CASE][PASSED] - Test Cases/inicioSesion/01 - aperturaPagina: Test Cases/inicioSesion/01 - aperturaPagina

2022-08-17 20:54:37 - [TEST_STEP][PASSED] - Fecha = new java.util.Date(): null

2022-08-17 20:54:37 - [TEST_STEP][PASSED] - Dia = Fecha.format("dd_MM_yy"): null

2022-08-17 20:54:37 - [TEST_STEP][PASSED] - Hora = Fecha.format("hh_mm_ss"): null

2022-08-17 20:54:37 - [TEST_STEP][PASSED] - robot = new java.awt.Robot(): null

2022-08-17 20:54:37 - [TEST_STEP][PASSED] - openBrowser(""): Browser is opened with url: ''

2022-08-17 20:54:37 - [MESSAGE][INFO] - Starting 'Chrome' driver

2022-08-17 20:54:37 - [MESSAGE][INFO] - Action delay is set to 0 milliseconds

2022-08-17 20:54:39 - [MESSAGE][PASSED] - Browser is opened with url: ''

2022-08-17 20:54:39 - [TEST_STEP][PASSED] - navigateToUrl("https://www.falabella.com/falabella-cl"): Navigate to 'https://www.falabella.com/falabella-cl' successfully

2022-08-17 20:54:44 - [MESSAGE][PASSED] - Navigate to 'https://www.falabella.com/falabella-cl' successfully

2022-08-17 20:54:44 - [TEST_STEP][PASSED] - maximizeWindow(): Current window maximized

2022-08-17 20:54:45 - [MESSAGE][PASSED] - Current window maximized

2022-08-17 20:54:45 - [TEST_STEP][PASSED] - if (verifyElementPresent(findTestObject("01 - Login/Page_falabellacom  Todo lo que necesitas en_591ae0/div_Logo_Falabella"), 2, OPTIONAL)): null

2022-08-17 20:54:45 - [MESSAGE][PASSED] - Object 'Object Repository/01 - Login/Page_falabellacom  Todo lo que necesitas en_591ae0/div_Logo_Falabella' is present

2022-08-17 20:54:45 - [TEST_STEP][PASSED] - out.println("-> Apertura pagina Falabella OK"): null]]></system-out>
         <system-err><![CDATA[]]></system-err>
      </testcase>
      <testcase name="Test Cases/inicioSesion/02 - PopUp articulo carrito" time="12.506" classname="Test Cases/inicioSesion/02 - PopUp articulo carrito" status="PASSED">
         <system-out><![CDATA[2022-08-17 20:54:45 - [TEST_CASE][PASSED] - Test Cases/inicioSesion/02 - PopUp articulo carrito: Test Cases/inicioSesion/02 - PopUp articulo carrito

2022-08-17 20:54:45 - [TEST_STEP][PASSED] - Fecha = new java.util.Date(): null

2022-08-17 20:54:45 - [TEST_STEP][PASSED] - Dia = Fecha.format("dd_MM_yy"): null

2022-08-17 20:54:45 - [TEST_STEP][PASSED] - Hora = Fecha.format("hh_mm_ss"): null

2022-08-17 20:54:45 - [TEST_STEP][PASSED] - robot = new java.awt.Robot(): null

2022-08-17 20:54:45 - [TEST_STEP][PASSED] - textoItemCompra = <not implemented yet for class: org.codehaus.groovy.ast.expr.EmptyExpression>: null

2022-08-17 20:54:45 - [TEST_STEP][PASSED] - textoPreCarro = <not implemented yet for class: org.codehaus.groovy.ast.expr.EmptyExpression>: null

2022-08-17 20:54:45 - [TEST_STEP][PASSED] - if (verifyElementPresent(findTestObject("Object Repository/02 - PopUp articulo carrito/Page_Falabella_EnvioGratis/div__dy-lb-close"), 2, OPTIONAL)): null

2022-08-17 20:54:46 - [MESSAGE][PASSED] - Object 'Object Repository/02 - PopUp articulo carrito/Page_Falabella_EnvioGratis/div__dy-lb-close' is present

2022-08-17 20:54:46 - [TEST_STEP][PASSED] - click(findTestObject("Object Repository/02 - PopUp articulo carrito/Page_Falabella_EnvioGratis/div__dy-lb-close")): Object: 'Object Repository/02 - PopUp articulo carrito/Page_Falabella_EnvioGratis/div__dy-lb-close' is clicked on

2022-08-17 20:54:46 - [MESSAGE][PASSED] - Object: 'Object Repository/02 - PopUp articulo carrito/Page_Falabella_EnvioGratis/div__dy-lb-close' is clicked on

2022-08-17 20:54:46 - [TEST_STEP][PASSED] - if (verifyElementPresent(findTestObject("Object Repository/02 - PopUp articulo carrito/Page_Falabella_EnvioGratis/button_Aceptar"), 2, OPTIONAL)): null

2022-08-17 20:54:46 - [MESSAGE][PASSED] - Object 'Object Repository/02 - PopUp articulo carrito/Page_Falabella_EnvioGratis/button_Aceptar' is present

2022-08-17 20:54:46 - [TEST_STEP][PASSED] - click(findTestObject("Object Repository/02 - PopUp articulo carrito/Page_Falabella_EnvioGratis/button_Aceptar")): Object: 'Object Repository/02 - PopUp articulo carrito/Page_Falabella_EnvioGratis/button_Aceptar' is clicked on

2022-08-17 20:54:46 - [MESSAGE][PASSED] - Object: 'Object Repository/02 - PopUp articulo carrito/Page_Falabella_EnvioGratis/button_Aceptar' is clicked on

2022-08-17 20:54:46 - [TEST_STEP][PASSED] - if (verifyElementPresent(findTestObject("Object Repository/02 - PopUp articulo carrito/Page_Falabella_EnvioGratis/img_banner_Envio_Gratis"), 2, OPTIONAL)): null

2022-08-17 20:54:46 - [MESSAGE][PASSED] - Object 'Object Repository/02 - PopUp articulo carrito/Page_Falabella_EnvioGratis/img_banner_Envio_Gratis' is present

2022-08-17 20:54:46 - [TEST_STEP][PASSED] - click(findTestObject("Object Repository/02 - PopUp articulo carrito/Page_Falabella_EnvioGratis/img_banner_Envio_Gratis")): Object: 'Object Repository/02 - PopUp articulo carrito/Page_Falabella_EnvioGratis/img_banner_Envio_Gratis' is clicked on

2022-08-17 20:54:46 - [MESSAGE][PASSED] - Object: 'Object Repository/02 - PopUp articulo carrito/Page_Falabella_EnvioGratis/img_banner_Envio_Gratis' is clicked on

2022-08-17 20:54:46 - [TEST_STEP][PASSED] - if (verifyElementPresent(findTestObject("Object Repository/02 - PopUp articulo carrito/Page_Falabella_EnvioGratis/b_SubText_1er_subtitulo"), 2, OPTIONAL)): null

2022-08-17 20:54:50 - [MESSAGE][PASSED] - Object 'Object Repository/02 - PopUp articulo carrito/Page_Falabella_EnvioGratis/b_SubText_1er_subtitulo' is present

2022-08-17 20:54:50 - [TEST_STEP][PASSED] - textoItemCompra = getText(findTestObject("Object Repository/02 - PopUp articulo carrito/Page_Falabella_EnvioGratis/b_SubText_1er_subtitulo")): Text of object 'Object Repository/02 - PopUp articulo carrito/Page_Falabella_EnvioGratis/b_SubText_1er_subtitulo' is: 'GIORGIO ARMANI'

2022-08-17 20:54:51 - [MESSAGE][PASSED] - Text of object 'Object Repository/02 - PopUp articulo carrito/Page_Falabella_EnvioGratis/b_SubText_1er_subtitulo' is: 'GIORGIO ARMANI'

2022-08-17 20:54:51 - [TEST_STEP][PASSED] - out.println(textoItemCompra): null

2022-08-17 20:54:51 - [TEST_STEP][PASSED] - click(findTestObject("Object Repository/02 - PopUp articulo carrito/Page_Falabella_EnvioGratis/b_SubText_1er_subtitulo")): Object: 'Object Repository/02 - PopUp articulo carrito/Page_Falabella_EnvioGratis/b_SubText_1er_subtitulo' is clicked on

2022-08-17 20:54:57 - [MESSAGE][PASSED] - Object: 'Object Repository/02 - PopUp articulo carrito/Page_Falabella_EnvioGratis/b_SubText_1er_subtitulo' is clicked on

2022-08-17 20:54:57 - [TEST_STEP][PASSED] - if (verifyElementPresent(findTestObject("Object Repository/02 - PopUp articulo carrito/Page_Falabella_EnvioGratis/a_GIORGIO ARMANI"), 2, OPTIONAL)): null

2022-08-17 20:54:57 - [MESSAGE][PASSED] - Object 'Object Repository/02 - PopUp articulo carrito/Page_Falabella_EnvioGratis/a_GIORGIO ARMANI' is present

2022-08-17 20:54:57 - [TEST_STEP][PASSED] - textoPreCarro = getText(findTestObject("Object Repository/02 - PopUp articulo carrito/Page_Falabella_EnvioGratis/a_GIORGIO ARMANI")): Text of object 'Object Repository/02 - PopUp articulo carrito/Page_Falabella_EnvioGratis/a_GIORGIO ARMANI' is: 'GIORGIO ARMANI'

2022-08-17 20:54:57 - [MESSAGE][PASSED] - Text of object 'Object Repository/02 - PopUp articulo carrito/Page_Falabella_EnvioGratis/a_GIORGIO ARMANI' is: 'GIORGIO ARMANI'

2022-08-17 20:54:57 - [TEST_STEP][PASSED] - out.println(textoPreCarro): null

2022-08-17 20:54:57 - [TEST_STEP][PASSED] - Assert.assertEquals(textoPreCarro, textoItemCompra): null]]></system-out>
         <system-err><![CDATA[]]></system-err>
      </testcase>
      <testcase name="Test Cases/inicioSesion/03 - AgregarAlCarro" time="1.725" classname="Test Cases/inicioSesion/03 - AgregarAlCarro" status="PASSED">
         <system-out><![CDATA[2022-08-17 20:54:57 - [TEST_CASE][PASSED] - Test Cases/inicioSesion/03 - AgregarAlCarro: Test Cases/inicioSesion/03 - AgregarAlCarro

2022-08-17 20:54:58 - [TEST_STEP][PASSED] - Fecha = new java.util.Date(): null

2022-08-17 20:54:58 - [TEST_STEP][PASSED] - Dia = Fecha.format("dd_MM_yy"): null

2022-08-17 20:54:58 - [TEST_STEP][PASSED] - Hora = Fecha.format("hh_mm_ss"): null

2022-08-17 20:54:58 - [TEST_STEP][PASSED] - robot = new java.awt.Robot(): null

2022-08-17 20:54:58 - [TEST_STEP][PASSED] - subPopupPreCarro = <not implemented yet for class: org.codehaus.groovy.ast.expr.EmptyExpression>: null

2022-08-17 20:54:58 - [TEST_STEP][PASSED] - textoPreCarro = <not implemented yet for class: org.codehaus.groovy.ast.expr.EmptyExpression>: null

2022-08-17 20:54:58 - [TEST_STEP][PASSED] - if (verifyElementPresent(findTestObject("01 - Login/Page_falabellacom  Todo lo que necesitas en_591ae0/div_Logo_Falabella"), 2, OPTIONAL)): null

2022-08-17 20:54:58 - [MESSAGE][PASSED] - Object 'Object Repository/01 - Login/Page_falabellacom  Todo lo que necesitas en_591ae0/div_Logo_Falabella' is present

2022-08-17 20:54:58 - [TEST_STEP][PASSED] - out.println("-> Apertura pagina Falabella OK"): null

2022-08-17 20:54:58 - [TEST_STEP][PASSED] - if (verifyElementPresent(findTestObject("Object Repository/02 - PopUp articulo carrito/Page_Falabella_EnvioGratis/a_GIORGIO ARMANI"), 2, OPTIONAL)): null

2022-08-17 20:54:58 - [MESSAGE][PASSED] - Object 'Object Repository/02 - PopUp articulo carrito/Page_Falabella_EnvioGratis/a_GIORGIO ARMANI' is present

2022-08-17 20:54:58 - [TEST_STEP][PASSED] - textoPreCarro = getText(findTestObject("Object Repository/02 - PopUp articulo carrito/Page_Falabella_EnvioGratis/a_GIORGIO ARMANI")): Text of object 'Object Repository/02 - PopUp articulo carrito/Page_Falabella_EnvioGratis/a_GIORGIO ARMANI' is: 'GIORGIO ARMANI'

2022-08-17 20:54:58 - [MESSAGE][PASSED] - Text of object 'Object Repository/02 - PopUp articulo carrito/Page_Falabella_EnvioGratis/a_GIORGIO ARMANI' is: 'GIORGIO ARMANI'

2022-08-17 20:54:58 - [TEST_STEP][PASSED] - out.println(textoPreCarro): null

2022-08-17 20:54:58 - [TEST_STEP][PASSED] - if (verifyElementPresent(findTestObject("Object Repository/03 - AgregarAlCarro/Page_popup_agregar_carro/button_Agregar al Carro"), 2, OPTIONAL)): null

2022-08-17 20:54:58 - [MESSAGE][PASSED] - Object 'Object Repository/03 - AgregarAlCarro/Page_popup_agregar_carro/button_Agregar al Carro' is present

2022-08-17 20:54:58 - [TEST_STEP][PASSED] - click(findTestObject("Object Repository/03 - AgregarAlCarro/Page_popup_agregar_carro/button_Agregar al Carro")): Object: 'Object Repository/03 - AgregarAlCarro/Page_popup_agregar_carro/button_Agregar al Carro' is clicked on

2022-08-17 20:54:58 - [MESSAGE][PASSED] - Object: 'Object Repository/03 - AgregarAlCarro/Page_popup_agregar_carro/button_Agregar al Carro' is clicked on

2022-08-17 20:54:58 - [TEST_STEP][PASSED] - if (verifyElementPresent(findTestObject("Object Repository/03 - AgregarAlCarro/Page_popup_agregar_carro/span_Popup_GIORGIO ARMANI"), 2, OPTIONAL)): null

2022-08-17 20:54:59 - [MESSAGE][PASSED] - Object 'Object Repository/03 - AgregarAlCarro/Page_popup_agregar_carro/span_Popup_GIORGIO ARMANI' is present

2022-08-17 20:54:59 - [TEST_STEP][PASSED] - subPopupPreCarro = getText(findTestObject("Object Repository/03 - AgregarAlCarro/Page_popup_agregar_carro/span_Popup_GIORGIO ARMANI")): Text of object 'Object Repository/03 - AgregarAlCarro/Page_popup_agregar_carro/span_Popup_GIORGIO ARMANI' is: 'GIORGIO ARMANI'

2022-08-17 20:54:59 - [MESSAGE][PASSED] - Text of object 'Object Repository/03 - AgregarAlCarro/Page_popup_agregar_carro/span_Popup_GIORGIO ARMANI' is: 'GIORGIO ARMANI'

2022-08-17 20:54:59 - [TEST_STEP][PASSED] - out.println(subPopupPreCarro): null

2022-08-17 20:54:59 - [TEST_STEP][PASSED] - Assert.assertEquals(textoPreCarro, subPopupPreCarro): null]]></system-out>
         <system-err><![CDATA[]]></system-err>
      </testcase>
      <testcase name="Test Cases/inicioSesion/04 - Revision carrito" time="7.596" classname="Test Cases/inicioSesion/04 - Revision carrito" status="PASSED">
         <system-out><![CDATA[2022-08-17 20:54:59 - [TEST_CASE][PASSED] - Test Cases/inicioSesion/04 - Revision carrito: Test Cases/inicioSesion/04 - Revision carrito

2022-08-17 20:54:59 - [TEST_STEP][PASSED] - Fecha = new java.util.Date(): null

2022-08-17 20:54:59 - [TEST_STEP][PASSED] - Dia = Fecha.format("dd_MM_yy"): null

2022-08-17 20:54:59 - [TEST_STEP][PASSED] - Hora = Fecha.format("hh_mm_ss"): null

2022-08-17 20:54:59 - [TEST_STEP][PASSED] - robot = new java.awt.Robot(): null

2022-08-17 20:54:59 - [TEST_STEP][PASSED] - NumArticuloPopUp = <not implemented yet for class: org.codehaus.groovy.ast.expr.EmptyExpression>: null

2022-08-17 20:54:59 - [TEST_STEP][PASSED] - NumArticuloCarrito = <not implemented yet for class: org.codehaus.groovy.ast.expr.EmptyExpression>: null

2022-08-17 20:54:59 - [TEST_STEP][PASSED] - if (verifyElementPresent(findTestObject("Object Repository/04 - Revision carrito/Page_Revision carrito/span_CodProdPopUp"), 2, OPTIONAL)): null

2022-08-17 20:55:00 - [MESSAGE][PASSED] - Object 'Object Repository/04 - Revision carrito/Page_Revision carrito/span_CodProdPopUp' is present

2022-08-17 20:55:00 - [TEST_STEP][PASSED] - NumArticuloPopUp = getText(findTestObject("Object Repository/03 - AgregarAlCarro/Page_popup_agregar_carro/span_Popup_GIORGIO ARMANI")): Text of object 'Object Repository/03 - AgregarAlCarro/Page_popup_agregar_carro/span_Popup_GIORGIO ARMANI' is: 'GIORGIO ARMANI'

2022-08-17 20:55:00 - [MESSAGE][PASSED] - Text of object 'Object Repository/03 - AgregarAlCarro/Page_popup_agregar_carro/span_Popup_GIORGIO ARMANI' is: 'GIORGIO ARMANI'

2022-08-17 20:55:00 - [TEST_STEP][PASSED] - out.println(NumArticuloPopUp): null

2022-08-17 20:55:00 - [TEST_STEP][PASSED] - if (verifyElementPresent(findTestObject("Object Repository/03 - AgregarAlCarro/Page_popup_agregar_carro/button_popup_Seguir comprando"), 2, OPTIONAL)): null

2022-08-17 20:55:00 - [MESSAGE][PASSED] - Object 'Object Repository/03 - AgregarAlCarro/Page_popup_agregar_carro/button_popup_Seguir comprando' is present

2022-08-17 20:55:00 - [TEST_STEP][PASSED] - click(findTestObject("Object Repository/03 - AgregarAlCarro/Page_popup_agregar_carro/button_popup_Seguir comprando")): Object: 'Object Repository/03 - AgregarAlCarro/Page_popup_agregar_carro/button_popup_Seguir comprando' is clicked on

2022-08-17 20:55:01 - [MESSAGE][PASSED] - Object: 'Object Repository/03 - AgregarAlCarro/Page_popup_agregar_carro/button_popup_Seguir comprando' is clicked on

2022-08-17 20:55:01 - [TEST_STEP][PASSED] - if (verifyElementPresent(findTestObject("Object Repository/01 - Login/Page_falabellacom  Todo lo que necesitas en_591ae0/div_Logo_Falabella"), 2, OPTIONAL)): null

2022-08-17 20:55:01 - [MESSAGE][PASSED] - Object 'Object Repository/01 - Login/Page_falabellacom  Todo lo que necesitas en_591ae0/div_Logo_Falabella' is present

2022-08-17 20:55:01 - [TEST_STEP][PASSED] - click(findTestObject("Object Repository/01 - Login/Page_falabellacom  Todo lo que necesitas en_591ae0/div_Logo_Falabella")): Object: 'Object Repository/01 - Login/Page_falabellacom  Todo lo que necesitas en_591ae0/div_Logo_Falabella' is clicked on

2022-08-17 20:55:03 - [MESSAGE][PASSED] - Object: 'Object Repository/01 - Login/Page_falabellacom  Todo lo que necesitas en_591ae0/div_Logo_Falabella' is clicked on

2022-08-17 20:55:03 - [TEST_STEP][PASSED] - if (verifyElementPresent(findTestObject("Object Repository/04 - Revision carrito/Page_Revision carrito/i_CarroCompras"), 2, OPTIONAL)): null

2022-08-17 20:55:03 - [MESSAGE][PASSED] - Object 'Object Repository/04 - Revision carrito/Page_Revision carrito/i_CarroCompras' is present

2022-08-17 20:55:03 - [TEST_STEP][PASSED] - click(findTestObject("Object Repository/04 - Revision carrito/Page_Revision carrito/i_CarroCompras")): Object: 'Object Repository/04 - Revision carrito/Page_Revision carrito/i_CarroCompras' is clicked on

2022-08-17 20:55:06 - [MESSAGE][PASSED] - Object: 'Object Repository/04 - Revision carrito/Page_Revision carrito/i_CarroCompras' is clicked on

2022-08-17 20:55:06 - [TEST_STEP][PASSED] - if (verifyElementPresent(findTestObject("Object Repository/04 - Revision carrito/Page_Revision carrito/span_CodProd_Carrito"), 2, OPTIONAL)): null

2022-08-17 20:55:06 - [MESSAGE][PASSED] - Object 'Object Repository/04 - Revision carrito/Page_Revision carrito/span_CodProd_Carrito' is present

2022-08-17 20:55:06 - [TEST_STEP][PASSED] - NumArticuloCarrito = getText(findTestObject("Object Repository/04 - Revision carrito/Page_Revision carrito/span_CodProd_Carrito")): Text of object 'Object Repository/04 - Revision carrito/Page_Revision carrito/span_CodProd_Carrito' is: 'Código: 15245311'

2022-08-17 20:55:07 - [MESSAGE][PASSED] - Text of object 'Object Repository/04 - Revision carrito/Page_Revision carrito/span_CodProd_Carrito' is: 'Código: 15245311'

2022-08-17 20:55:07 - [TEST_STEP][PASSED] - out.println(NumArticuloCarrito): null]]></system-out>
         <system-err><![CDATA[]]></system-err>
      </testcase>
      <testcase name="Test Cases/inicioSesion/05 - Continuar con la compra" time="14.712" classname="Test Cases/inicioSesion/05 - Continuar con la compra" status="PASSED">
         <system-out><![CDATA[2022-08-17 20:55:07 - [TEST_CASE][PASSED] - Test Cases/inicioSesion/05 - Continuar con la compra: Test Cases/inicioSesion/05 - Continuar con la compra

2022-08-17 20:55:07 - [TEST_STEP][PASSED] - Fecha = new java.util.Date(): null

2022-08-17 20:55:07 - [TEST_STEP][PASSED] - Dia = Fecha.format("dd_MM_yy"): null

2022-08-17 20:55:07 - [TEST_STEP][PASSED] - Hora = Fecha.format("hh_mm_ss"): null

2022-08-17 20:55:07 - [TEST_STEP][PASSED] - robot = new java.awt.Robot(): null

2022-08-17 20:55:07 - [TEST_STEP][PASSED] - if (verifyElementPresent(findTestObject("Object Repository/05 - Continuar con la compra/Page_Falabellacom/button_ContinuarCompraCarrito"), 2, OPTIONAL)): null

2022-08-17 20:55:07 - [MESSAGE][PASSED] - Object 'Object Repository/05 - Continuar con la compra/Page_Falabellacom/button_ContinuarCompraCarrito' is present

2022-08-17 20:55:07 - [TEST_STEP][PASSED] - click(findTestObject("Object Repository/05 - Continuar con la compra/Page_Falabellacom/button_ContinuarCompraCarrito")): Object: 'Object Repository/05 - Continuar con la compra/Page_Falabellacom/button_ContinuarCompraCarrito' is clicked on

2022-08-17 20:55:10 - [MESSAGE][PASSED] - Object: 'Object Repository/05 - Continuar con la compra/Page_Falabellacom/button_ContinuarCompraCarrito' is clicked on

2022-08-17 20:55:10 - [TEST_STEP][PASSED] - if (verifyElementPresent(findTestObject("Object Repository/05 - Continuar con la compra/Page_Falabellacom/input_Correo"), 2, OPTIONAL)): null

2022-08-17 20:55:10 - [MESSAGE][PASSED] - Object 'Object Repository/05 - Continuar con la compra/Page_Falabellacom/input_Correo' is present

2022-08-17 20:55:10 - [TEST_STEP][PASSED] - setText(findTestObject("Object Repository/05 - Continuar con la compra/Page_Falabellacom/input_Correo"), "aa@bb.cc"): Text 'aa@bb.cc' is set on object 'Object Repository/05 - Continuar con la compra/Page_Falabellacom/input_Correo'

2022-08-17 20:55:11 - [MESSAGE][PASSED] - Text 'aa@bb.cc' is set on object 'Object Repository/05 - Continuar con la compra/Page_Falabellacom/input_Correo'

2022-08-17 20:55:11 - [TEST_STEP][PASSED] - click(findTestObject("Object Repository/05 - Continuar con la compra/Page_Falabellacom/button_ContinuarCorreo")): Object: 'Object Repository/05 - Continuar con la compra/Page_Falabellacom/button_ContinuarCorreo' is clicked on

2022-08-17 20:55:12 - [MESSAGE][PASSED] - Object: 'Object Repository/05 - Continuar con la compra/Page_Falabellacom/button_ContinuarCorreo' is clicked on

2022-08-17 20:55:12 - [TEST_STEP][PASSED] - delay(3): Delayed 3 second(s)

2022-08-17 20:55:15 - [MESSAGE][PASSED] - Delayed 3 second(s)

2022-08-17 20:55:15 - [TEST_STEP][PASSED] - if (verifyElementPresent(findTestObject("05 - Continuar con la compra/Page_Falabellacom/input_Popup_Calle"), 2, OPTIONAL)): null

2022-08-17 20:55:15 - [MESSAGE][PASSED] - Object 'Object Repository/05 - Continuar con la compra/Page_Falabellacom/input_Popup_Calle' is present

2022-08-17 20:55:15 - [TEST_STEP][PASSED] - setText(findTestObject("05 - Continuar con la compra/Page_Falabellacom/input_Popup_Calle"), "calle central 123, maipu"): Text 'calle central 123, maipu' is set on object 'Object Repository/05 - Continuar con la compra/Page_Falabellacom/input_Popup_Calle'

2022-08-17 20:55:15 - [MESSAGE][PASSED] - Text 'calle central 123, maipu' is set on object 'Object Repository/05 - Continuar con la compra/Page_Falabellacom/input_Popup_Calle'

2022-08-17 20:55:15 - [TEST_STEP][PASSED] - delay(5): Delayed 5 second(s)

2022-08-17 20:55:20 - [MESSAGE][PASSED] - Delayed 5 second(s)

2022-08-17 20:55:20 - [TEST_STEP][PASSED] - click(findTestObject("Object Repository/05 - Continuar con la compra/Page_Falabellacom/button_Boton_seleccionAutomaticaCalle")): Object: 'Object Repository/05 - Continuar con la compra/Page_Falabellacom/button_Boton_seleccionAutomaticaCalle' is clicked on

2022-08-17 20:55:20 - [MESSAGE][PASSED] - Object: 'Object Repository/05 - Continuar con la compra/Page_Falabellacom/button_Boton_seleccionAutomaticaCalle' is clicked on

2022-08-17 20:55:20 - [TEST_STEP][PASSED] - setText(findTestObject("Object Repository/05 - Continuar con la compra/Page_Falabellacom/input_Popup_Dpto_Casa_Oficina"), "Casa"): Text 'Casa' is set on object 'Object Repository/05 - Continuar con la compra/Page_Falabellacom/input_Popup_Dpto_Casa_Oficina'

2022-08-17 20:55:21 - [MESSAGE][PASSED] - Text 'Casa' is set on object 'Object Repository/05 - Continuar con la compra/Page_Falabellacom/input_Popup_Dpto_Casa_Oficina'

2022-08-17 20:55:21 - [TEST_STEP][PASSED] - click(findTestObject("Object Repository/05 - Continuar con la compra/Page_Falabellacom/button_Confirmar y Guardar")): Object: 'Object Repository/05 - Continuar con la compra/Page_Falabellacom/button_Confirmar y Guardar' is clicked on

2022-08-17 20:55:21 - [MESSAGE][PASSED] - Object: 'Object Repository/05 - Continuar con la compra/Page_Falabellacom/button_Confirmar y Guardar' is clicked on]]></system-out>
         <system-err><![CDATA[]]></system-err>
      </testcase>
      <system-out><![CDATA[2022-08-17 20:54:36 - [TEST_SUITE][PASSED] - Suite FalabellaAUT: Test Cases/inicioSesion/05 - Continuar con la compra]]></system-out>
      <system-err><![CDATA[]]></system-err>
   </testsuite>
</testsuites>
