<?xml version="1.0" encoding="UTF-8"?>
<testsuites name="Suite FalabellaAUT" time="24.473" tests="3" failures="0" errors="0">
   <testsuite name="Suite FalabellaAUT" tests="3" failures="0" errors="0" time="24.473" timestamp="2022-08-17 19:05:09" hostname="FOX_PREDATOR - 192.168.1.184" id="Test Suites/Suite FalabellaAUT">
      <properties>
         <property name="deviceName" value=""/>
         <property name="devicePlatform" value=""/>
         <property name="logFolder" value="D:\\ProyectosAUT\\Katalon\\FalabellaAUT\\FalabellaAUT\\Reports\\20220817_190504\\Suite FalabellaAUT\\20220817_190504"/>
         <property name="logFiles" value="D:\\ProyectosAUT\\Katalon\\FalabellaAUT\\FalabellaAUT\\Reports\\20220817_190504\\Suite FalabellaAUT\\20220817_190504\\execution0.log"/>
         <property name="attachments" value=""/>
         <property name="hostName" value="FOX_PREDATOR - 192.168.1.184"/>
         <property name="os" value="Windows 10 64bit"/>
         <property name="katalonVersion" value="7.5.5.1"/>
         <property name="browser" value="Chrome 104.0.5112.81"/>
         <property name="hostAddress" value="192.168.1.184"/>
         <property name="sessionId" value="64708b0ccd8cad967bfe981a1e8884c0"/>
         <property name="seleniumVersion" value="3.141.59"/>
         <property name="proxyInformation" value="ProxyInformation { proxyOption=NO_PROXY, proxyServerType=HTTP, username=, password=********, proxyServerAddress=, proxyServerPort=0, executionList=\&quot;\&quot;, isApplyToDesiredCapabilities=true }"/>
         <property name="platform" value="Windows 10"/>
      </properties>
      <testcase name="Test Cases/inicioSesion/01 - aperturaPagina" time="9.157" classname="Test Cases/inicioSesion/01 - aperturaPagina" status="PASSED">
         <system-out><![CDATA[2022-08-17 19:05:09 - [TEST_CASE][PASSED] - Test Cases/inicioSesion/01 - aperturaPagina: Test Cases/inicioSesion/01 - aperturaPagina

2022-08-17 19:05:10 - [TEST_STEP][PASSED] - Fecha = new java.util.Date(): null

2022-08-17 19:05:10 - [TEST_STEP][PASSED] - Dia = Fecha.format("dd_MM_yy"): null

2022-08-17 19:05:10 - [TEST_STEP][PASSED] - Hora = Fecha.format("hh_mm_ss"): null

2022-08-17 19:05:10 - [TEST_STEP][PASSED] - robot = new java.awt.Robot(): null

2022-08-17 19:05:10 - [TEST_STEP][PASSED] - openBrowser(""): Browser is opened with url: ''

2022-08-17 19:05:10 - [MESSAGE][INFO] - Starting 'Chrome' driver

2022-08-17 19:05:10 - [MESSAGE][INFO] - Action delay is set to 0 milliseconds

2022-08-17 19:05:12 - [MESSAGE][PASSED] - Browser is opened with url: ''

2022-08-17 19:05:12 - [TEST_STEP][PASSED] - navigateToUrl("https://www.falabella.com/falabella-cl"): Navigate to 'https://www.falabella.com/falabella-cl' successfully

2022-08-17 19:05:18 - [MESSAGE][PASSED] - Navigate to 'https://www.falabella.com/falabella-cl' successfully

2022-08-17 19:05:18 - [TEST_STEP][PASSED] - maximizeWindow(): Current window maximized

2022-08-17 19:05:18 - [MESSAGE][PASSED] - Current window maximized

2022-08-17 19:05:18 - [TEST_STEP][PASSED] - if (verifyElementPresent(findTestObject("01 - Login/Page_falabellacom  Todo lo que necesitas en_591ae0/div_Logo_Falabella"), 2, OPTIONAL)): null

2022-08-17 19:05:18 - [MESSAGE][PASSED] - Object 'Object Repository/01 - Login/Page_falabellacom  Todo lo que necesitas en_591ae0/div_Logo_Falabella' is present

2022-08-17 19:05:18 - [TEST_STEP][PASSED] - out.println("-> Apertura pagina Falabella OK"): null]]></system-out>
         <system-err><![CDATA[]]></system-err>
      </testcase>
      <testcase name="Test Cases/inicioSesion/02 - PopUp articulo carrito" time="12.068" classname="Test Cases/inicioSesion/02 - PopUp articulo carrito" status="PASSED">
         <system-out><![CDATA[2022-08-17 19:05:18 - [TEST_CASE][PASSED] - Test Cases/inicioSesion/02 - PopUp articulo carrito: Test Cases/inicioSesion/02 - PopUp articulo carrito

2022-08-17 19:05:19 - [TEST_STEP][PASSED] - Fecha = new java.util.Date(): null

2022-08-17 19:05:19 - [TEST_STEP][PASSED] - Dia = Fecha.format("dd_MM_yy"): null

2022-08-17 19:05:19 - [TEST_STEP][PASSED] - Hora = Fecha.format("hh_mm_ss"): null

2022-08-17 19:05:19 - [TEST_STEP][PASSED] - robot = new java.awt.Robot(): null

2022-08-17 19:05:19 - [TEST_STEP][PASSED] - textoItemCompra = <not implemented yet for class: org.codehaus.groovy.ast.expr.EmptyExpression>: null

2022-08-17 19:05:19 - [TEST_STEP][PASSED] - textoPreCarro = <not implemented yet for class: org.codehaus.groovy.ast.expr.EmptyExpression>: null

2022-08-17 19:05:19 - [TEST_STEP][PASSED] - if (verifyElementPresent(findTestObject("Object Repository/02 - PopUp articulo carrito/Page_Falabella_EnvioGratis/div__dy-lb-close"), 2, OPTIONAL)): null

2022-08-17 19:05:19 - [MESSAGE][PASSED] - Object 'Object Repository/02 - PopUp articulo carrito/Page_Falabella_EnvioGratis/div__dy-lb-close' is present

2022-08-17 19:05:19 - [TEST_STEP][PASSED] - click(findTestObject("Object Repository/02 - PopUp articulo carrito/Page_Falabella_EnvioGratis/div__dy-lb-close")): Object: 'Object Repository/02 - PopUp articulo carrito/Page_Falabella_EnvioGratis/div__dy-lb-close' is clicked on

2022-08-17 19:05:19 - [MESSAGE][PASSED] - Object: 'Object Repository/02 - PopUp articulo carrito/Page_Falabella_EnvioGratis/div__dy-lb-close' is clicked on

2022-08-17 19:05:19 - [TEST_STEP][PASSED] - if (verifyElementPresent(findTestObject("Object Repository/02 - PopUp articulo carrito/Page_Falabella_EnvioGratis/button_Aceptar"), 2, OPTIONAL)): null

2022-08-17 19:05:19 - [MESSAGE][PASSED] - Object 'Object Repository/02 - PopUp articulo carrito/Page_Falabella_EnvioGratis/button_Aceptar' is present

2022-08-17 19:05:19 - [TEST_STEP][PASSED] - click(findTestObject("Object Repository/02 - PopUp articulo carrito/Page_Falabella_EnvioGratis/button_Aceptar")): Object: 'Object Repository/02 - PopUp articulo carrito/Page_Falabella_EnvioGratis/button_Aceptar' is clicked on

2022-08-17 19:05:19 - [MESSAGE][PASSED] - Object: 'Object Repository/02 - PopUp articulo carrito/Page_Falabella_EnvioGratis/button_Aceptar' is clicked on

2022-08-17 19:05:19 - [TEST_STEP][PASSED] - if (verifyElementPresent(findTestObject("Object Repository/02 - PopUp articulo carrito/Page_Falabella_EnvioGratis/img_banner_Envio_Gratis"), 2, OPTIONAL)): null

2022-08-17 19:05:19 - [MESSAGE][PASSED] - Object 'Object Repository/02 - PopUp articulo carrito/Page_Falabella_EnvioGratis/img_banner_Envio_Gratis' is present

2022-08-17 19:05:19 - [TEST_STEP][PASSED] - click(findTestObject("Object Repository/02 - PopUp articulo carrito/Page_Falabella_EnvioGratis/img_banner_Envio_Gratis")): Object: 'Object Repository/02 - PopUp articulo carrito/Page_Falabella_EnvioGratis/img_banner_Envio_Gratis' is clicked on

2022-08-17 19:05:23 - [MESSAGE][PASSED] - Object: 'Object Repository/02 - PopUp articulo carrito/Page_Falabella_EnvioGratis/img_banner_Envio_Gratis' is clicked on

2022-08-17 19:05:23 - [TEST_STEP][PASSED] - if (verifyElementPresent(findTestObject("Object Repository/02 - PopUp articulo carrito/Page_Falabella_EnvioGratis/b_SubText_1er_subtitulo"), 2, OPTIONAL)): null

2022-08-17 19:05:23 - [MESSAGE][PASSED] - Object 'Object Repository/02 - PopUp articulo carrito/Page_Falabella_EnvioGratis/b_SubText_1er_subtitulo' is present

2022-08-17 19:05:23 - [TEST_STEP][PASSED] - textoItemCompra = getText(findTestObject("Object Repository/02 - PopUp articulo carrito/Page_Falabella_EnvioGratis/b_SubText_1er_subtitulo")): Text of object 'Object Repository/02 - PopUp articulo carrito/Page_Falabella_EnvioGratis/b_SubText_1er_subtitulo' is: 'GIORGIO ARMANI'

2022-08-17 19:05:23 - [MESSAGE][PASSED] - Text of object 'Object Repository/02 - PopUp articulo carrito/Page_Falabella_EnvioGratis/b_SubText_1er_subtitulo' is: 'GIORGIO ARMANI'

2022-08-17 19:05:23 - [TEST_STEP][PASSED] - out.println(textoItemCompra): null

2022-08-17 19:05:23 - [TEST_STEP][PASSED] - click(findTestObject("Object Repository/02 - PopUp articulo carrito/Page_Falabella_EnvioGratis/b_SubText_1er_subtitulo")): Object: 'Object Repository/02 - PopUp articulo carrito/Page_Falabella_EnvioGratis/b_SubText_1er_subtitulo' is clicked on

2022-08-17 19:05:30 - [MESSAGE][PASSED] - Object: 'Object Repository/02 - PopUp articulo carrito/Page_Falabella_EnvioGratis/b_SubText_1er_subtitulo' is clicked on

2022-08-17 19:05:30 - [TEST_STEP][PASSED] - if (verifyElementPresent(findTestObject("Object Repository/02 - PopUp articulo carrito/Page_Falabella_EnvioGratis/a_GIORGIO ARMANI"), 2, OPTIONAL)): null

2022-08-17 19:05:30 - [MESSAGE][PASSED] - Object 'Object Repository/02 - PopUp articulo carrito/Page_Falabella_EnvioGratis/a_GIORGIO ARMANI' is present

2022-08-17 19:05:30 - [TEST_STEP][PASSED] - textoPreCarro = getText(findTestObject("Object Repository/02 - PopUp articulo carrito/Page_Falabella_EnvioGratis/a_GIORGIO ARMANI")): Text of object 'Object Repository/02 - PopUp articulo carrito/Page_Falabella_EnvioGratis/a_GIORGIO ARMANI' is: 'GIORGIO ARMANI'

2022-08-17 19:05:30 - [MESSAGE][PASSED] - Text of object 'Object Repository/02 - PopUp articulo carrito/Page_Falabella_EnvioGratis/a_GIORGIO ARMANI' is: 'GIORGIO ARMANI'

2022-08-17 19:05:30 - [TEST_STEP][PASSED] - out.println(textoPreCarro): null

2022-08-17 19:05:30 - [TEST_STEP][PASSED] - Assert.assertEquals(textoPreCarro, textoItemCompra): null]]></system-out>
         <system-err><![CDATA[]]></system-err>
      </testcase>
      <testcase name="Test Cases/inicioSesion/03 - AgregarAlCarro" time="1.605" classname="Test Cases/inicioSesion/03 - AgregarAlCarro" status="PASSED">
         <system-out><![CDATA[2022-08-17 19:05:30 - [TEST_CASE][PASSED] - Test Cases/inicioSesion/03 - AgregarAlCarro: Test Cases/inicioSesion/03 - AgregarAlCarro

2022-08-17 19:05:31 - [TEST_STEP][PASSED] - Fecha = new java.util.Date(): null

2022-08-17 19:05:31 - [TEST_STEP][PASSED] - Dia = Fecha.format("dd_MM_yy"): null

2022-08-17 19:05:31 - [TEST_STEP][PASSED] - Hora = Fecha.format("hh_mm_ss"): null

2022-08-17 19:05:31 - [TEST_STEP][PASSED] - robot = new java.awt.Robot(): null

2022-08-17 19:05:31 - [TEST_STEP][PASSED] - subPopupPreCarro = <not implemented yet for class: org.codehaus.groovy.ast.expr.EmptyExpression>: null

2022-08-17 19:05:31 - [TEST_STEP][PASSED] - textoPreCarro = <not implemented yet for class: org.codehaus.groovy.ast.expr.EmptyExpression>: null

2022-08-17 19:05:31 - [TEST_STEP][PASSED] - if (verifyElementPresent(findTestObject("01 - Login/Page_falabellacom  Todo lo que necesitas en_591ae0/div_Logo_Falabella"), 2, OPTIONAL)): null

2022-08-17 19:05:31 - [MESSAGE][PASSED] - Object 'Object Repository/01 - Login/Page_falabellacom  Todo lo que necesitas en_591ae0/div_Logo_Falabella' is present

2022-08-17 19:05:31 - [TEST_STEP][PASSED] - out.println("-> Apertura pagina Falabella OK"): null

2022-08-17 19:05:31 - [TEST_STEP][PASSED] - if (verifyElementPresent(findTestObject("Object Repository/02 - PopUp articulo carrito/Page_Falabella_EnvioGratis/a_GIORGIO ARMANI"), 2, OPTIONAL)): null

2022-08-17 19:05:31 - [MESSAGE][PASSED] - Object 'Object Repository/02 - PopUp articulo carrito/Page_Falabella_EnvioGratis/a_GIORGIO ARMANI' is present

2022-08-17 19:05:31 - [TEST_STEP][PASSED] - textoPreCarro = getText(findTestObject("Object Repository/02 - PopUp articulo carrito/Page_Falabella_EnvioGratis/a_GIORGIO ARMANI")): Text of object 'Object Repository/02 - PopUp articulo carrito/Page_Falabella_EnvioGratis/a_GIORGIO ARMANI' is: 'GIORGIO ARMANI'

2022-08-17 19:05:31 - [MESSAGE][PASSED] - Text of object 'Object Repository/02 - PopUp articulo carrito/Page_Falabella_EnvioGratis/a_GIORGIO ARMANI' is: 'GIORGIO ARMANI'

2022-08-17 19:05:31 - [TEST_STEP][PASSED] - out.println(textoPreCarro): null

2022-08-17 19:05:31 - [TEST_STEP][PASSED] - if (verifyElementPresent(findTestObject("Object Repository/03 - AgregarAlCarro/Page_popup_agregar_carro/button_Agregar al Carro"), 2, OPTIONAL)): null

2022-08-17 19:05:31 - [MESSAGE][PASSED] - Object 'Object Repository/03 - AgregarAlCarro/Page_popup_agregar_carro/button_Agregar al Carro' is present

2022-08-17 19:05:31 - [TEST_STEP][PASSED] - click(findTestObject("Object Repository/03 - AgregarAlCarro/Page_popup_agregar_carro/button_Agregar al Carro")): Object: 'Object Repository/03 - AgregarAlCarro/Page_popup_agregar_carro/button_Agregar al Carro' is clicked on

2022-08-17 19:05:31 - [MESSAGE][PASSED] - Object: 'Object Repository/03 - AgregarAlCarro/Page_popup_agregar_carro/button_Agregar al Carro' is clicked on

2022-08-17 19:05:31 - [TEST_STEP][PASSED] - if (verifyElementPresent(findTestObject("Object Repository/03 - AgregarAlCarro/Page_popup_agregar_carro/span_Popup_GIORGIO ARMANI"), 2, OPTIONAL)): null

2022-08-17 19:05:32 - [MESSAGE][PASSED] - Object 'Object Repository/03 - AgregarAlCarro/Page_popup_agregar_carro/span_Popup_GIORGIO ARMANI' is present

2022-08-17 19:05:32 - [TEST_STEP][PASSED] - subPopupPreCarro = getText(findTestObject("Object Repository/03 - AgregarAlCarro/Page_popup_agregar_carro/span_Popup_GIORGIO ARMANI")): Text of object 'Object Repository/03 - AgregarAlCarro/Page_popup_agregar_carro/span_Popup_GIORGIO ARMANI' is: 'GIORGIO ARMANI'

2022-08-17 19:05:32 - [MESSAGE][PASSED] - Text of object 'Object Repository/03 - AgregarAlCarro/Page_popup_agregar_carro/span_Popup_GIORGIO ARMANI' is: 'GIORGIO ARMANI'

2022-08-17 19:05:32 - [TEST_STEP][PASSED] - out.println(subPopupPreCarro): null

2022-08-17 19:05:32 - [TEST_STEP][PASSED] - Assert.assertEquals(textoPreCarro, subPopupPreCarro): null]]></system-out>
         <system-err><![CDATA[]]></system-err>
      </testcase>
      <system-out><![CDATA[2022-08-17 19:05:09 - [TEST_SUITE][PASSED] - Suite FalabellaAUT: Test Cases/inicioSesion/03 - AgregarAlCarro]]></system-out>
      <system-err><![CDATA[]]></system-err>
   </testsuite>
</testsuites>
